c:\users\lenovo t430\lenovo-t430 salvar\utfpr\prog2\excalibur\excalibur\release\excalibur.pch
c:\users\lenovo t430\lenovo-t430 salvar\utfpr\prog2\excalibur\excalibur\release\vc141.pdb
c:\users\lenovo t430\lenovo-t430 salvar\utfpr\prog2\excalibur\excalibur\release\stdafx.obj
c:\users\lenovo t430\lenovo-t430 salvar\utfpr\prog2\excalibur\excalibur\release\objeto.obj
c:\users\lenovo t430\lenovo-t430 salvar\utfpr\prog2\excalibur\excalibur\release\jogador.obj
c:\users\lenovo t430\lenovo-t430 salvar\utfpr\prog2\excalibur\excalibur\release\excalibur.obj
c:\users\lenovo t430\lenovo-t430 salvar\utfpr\prog2\excalibur\excalibur\release\collider.obj
c:\users\lenovo t430\lenovo-t430 salvar\utfpr\prog2\excalibur\excalibur\release\animacao.obj
c:\users\lenovo t430\lenovo-t430 salvar\utfpr\prog2\excalibur\excalibur\release\colisor.obj
c:\users\lenovo t430\lenovo-t430 salvar\utfpr\prog2\excalibur\excalibur\release\menu.obj
c:\users\lenovo t430\lenovo-t430 salvar\utfpr\prog2\excalibur\excalibur\release\main.obj
c:\users\lenovo t430\lenovo-t430 salvar\utfpr\prog2\excalibur\excalibur\release\personagem.obj
c:\users\lenovo t430\lenovo-t430 salvar\utfpr\prog2\excalibur\excalibur\release\morcego.obj
c:\users\lenovo t430\lenovo-t430 salvar\utfpr\prog2\excalibur\excalibur\release\jogo.obj
c:\users\lenovo t430\lenovo-t430 salvar\utfpr\prog2\excalibur\excalibur\release\inimigo.obj
c:\users\lenovo t430\lenovo-t430 salvar\utfpr\prog2\excalibur\excalibur\release\gosma.obj
c:\users\lenovo t430\lenovo-t430 salvar\utfpr\prog2\excalibur\excalibur\release\fase1.obj
c:\users\lenovo t430\lenovo-t430 salvar\utfpr\prog2\excalibur\excalibur\release\fase.obj
c:\users\lenovo t430\lenovo-t430 salvar\utfpr\prog2\excalibur\excalibur\release\chefao.obj
c:\users\lenovo t430\lenovo-t430 salvar\utfpr\prog2\excalibur\excalibur\release\fase2.obj
c:\users\lenovo t430\lenovo-t430 salvar\utfpr\prog2\excalibur\excalibur\release\item.obj
c:\users\lenovo t430\lenovo-t430 salvar\utfpr\prog2\excalibur\excalibur\release\obstaculo.obj
c:\users\lenovo t430\lenovo-t430 salvar\utfpr\prog2\excalibur\excalibur\release\esqueleto.obj
c:\users\lenovo t430\lenovo-t430 salvar\utfpr\prog2\excalibur\excalibur\release\plataforma.obj
c:\users\lenovo t430\lenovo-t430 salvar\utfpr\prog2\excalibur\excalibur\release\checkpoint.obj
c:\users\lenovo t430\lenovo-t430 salvar\utfpr\prog2\excalibur\release\excalibur.ipdb
c:\users\lenovo t430\lenovo-t430 salvar\utfpr\prog2\excalibur\release\excalibur.iobj
c:\users\lenovo t430\lenovo-t430 salvar\utfpr\prog2\excalibur\release\excalibur.exe
c:\users\lenovo t430\lenovo-t430 salvar\utfpr\prog2\excalibur\release\excalibur.pdb
c:\users\lenovo t430\lenovo-t430 salvar\utfpr\prog2\excalibur\excalibur\release\excalibur.tlog\cl.command.1.tlog
c:\users\lenovo t430\lenovo-t430 salvar\utfpr\prog2\excalibur\excalibur\release\excalibur.tlog\cl.read.1.tlog
c:\users\lenovo t430\lenovo-t430 salvar\utfpr\prog2\excalibur\excalibur\release\excalibur.tlog\cl.write.1.tlog
c:\users\lenovo t430\lenovo-t430 salvar\utfpr\prog2\excalibur\excalibur\release\excalibur.tlog\excalibur.write.1u.tlog
c:\users\lenovo t430\lenovo-t430 salvar\utfpr\prog2\excalibur\excalibur\release\excalibur.tlog\link.command.1.tlog
c:\users\lenovo t430\lenovo-t430 salvar\utfpr\prog2\excalibur\excalibur\release\excalibur.tlog\link.read.1.tlog
c:\users\lenovo t430\lenovo-t430 salvar\utfpr\prog2\excalibur\excalibur\release\excalibur.tlog\link.write.1.tlog
