c:\users\lenovo t430\lenovo-t430 salvar\utfpr\prog2\excalibur\excalibur\debug\excalibur.pch
c:\users\lenovo t430\lenovo-t430 salvar\utfpr\prog2\excalibur\excalibur\debug\vc141.pdb
c:\users\lenovo t430\lenovo-t430 salvar\utfpr\prog2\excalibur\excalibur\debug\vc141.idb
c:\users\lenovo t430\lenovo-t430 salvar\utfpr\prog2\excalibur\excalibur\debug\stdafx.obj
c:\users\lenovo t430\lenovo-t430 salvar\utfpr\prog2\excalibur\excalibur\debug\plataforma.obj
c:\users\lenovo t430\lenovo-t430 salvar\utfpr\prog2\excalibur\excalibur\debug\item.obj
c:\users\lenovo t430\lenovo-t430 salvar\utfpr\prog2\excalibur\excalibur\debug\menu.obj
c:\users\lenovo t430\lenovo-t430 salvar\utfpr\prog2\excalibur\excalibur\debug\jogador.obj
c:\users\lenovo t430\lenovo-t430 salvar\utfpr\prog2\excalibur\excalibur\debug\main.obj
c:\users\lenovo t430\lenovo-t430 salvar\utfpr\prog2\excalibur\excalibur\debug\colisor.obj
c:\users\lenovo t430\lenovo-t430 salvar\utfpr\prog2\excalibur\excalibur\debug\personagem.obj
c:\users\lenovo t430\lenovo-t430 salvar\utfpr\prog2\excalibur\excalibur\debug\obstaculo.obj
c:\users\lenovo t430\lenovo-t430 salvar\utfpr\prog2\excalibur\excalibur\debug\morcego.obj
c:\users\lenovo t430\lenovo-t430 salvar\utfpr\prog2\excalibur\excalibur\debug\jogo.obj
c:\users\lenovo t430\lenovo-t430 salvar\utfpr\prog2\excalibur\excalibur\debug\inimigo.obj
c:\users\lenovo t430\lenovo-t430 salvar\utfpr\prog2\excalibur\excalibur\debug\gosma.obj
c:\users\lenovo t430\lenovo-t430 salvar\utfpr\prog2\excalibur\excalibur\debug\fase2.obj
c:\users\lenovo t430\lenovo-t430 salvar\utfpr\prog2\excalibur\excalibur\debug\fase1.obj
c:\users\lenovo t430\lenovo-t430 salvar\utfpr\prog2\excalibur\excalibur\debug\fase.obj
c:\users\lenovo t430\lenovo-t430 salvar\utfpr\prog2\excalibur\excalibur\debug\esqueleto.obj
c:\users\lenovo t430\lenovo-t430 salvar\utfpr\prog2\excalibur\excalibur\debug\chefao.obj
c:\users\lenovo t430\lenovo-t430 salvar\utfpr\prog2\excalibur\excalibur\debug\checkpoint.obj
c:\users\lenovo t430\lenovo-t430 salvar\utfpr\prog2\excalibur\excalibur\debug\arma.obj
c:\users\lenovo t430\lenovo-t430 salvar\utfpr\prog2\excalibur\excalibur\debug\animacao.obj
c:\users\lenovo t430\lenovo-t430 salvar\utfpr\prog2\excalibur\debug\excalibur.exe
c:\users\lenovo t430\lenovo-t430 salvar\utfpr\prog2\excalibur\debug\excalibur.ilk
c:\users\lenovo t430\lenovo-t430 salvar\utfpr\prog2\excalibur\debug\excalibur.pdb
c:\users\lenovo t430\lenovo-t430 salvar\utfpr\prog2\excalibur\excalibur\debug\fase2.obj.enc
c:\users\lenovo t430\lenovo-t430 salvar\utfpr\prog2\excalibur\excalibur\debug\jogo.obj.enc
c:\users\lenovo t430\lenovo-t430 salvar\utfpr\prog2\excalibur\excalibur\debug\excalibur.tlog\cl.command.1.tlog
c:\users\lenovo t430\lenovo-t430 salvar\utfpr\prog2\excalibur\excalibur\debug\excalibur.tlog\cl.read.1.tlog
c:\users\lenovo t430\lenovo-t430 salvar\utfpr\prog2\excalibur\excalibur\debug\excalibur.tlog\cl.write.1.tlog
c:\users\lenovo t430\lenovo-t430 salvar\utfpr\prog2\excalibur\excalibur\debug\excalibur.tlog\link.command.1.tlog
c:\users\lenovo t430\lenovo-t430 salvar\utfpr\prog2\excalibur\excalibur\debug\excalibur.tlog\link.read.1.tlog
c:\users\lenovo t430\lenovo-t430 salvar\utfpr\prog2\excalibur\excalibur\debug\excalibur.tlog\link.write.1.tlog
